{"D:\\github\\componetDoc\\docs\\funAutoMd\\es6sourse\\calculate.js": {"path":"D:\\github\\componetDoc\\docs\\funAutoMd\\es6sourse\\calculate.js","statementMap":{"0":{"start":{"line":9,"column":4},"end":{"line":13,"column":5}},"1":{"start":{"line":10,"column":8},"end":{"line":10,"column":50}},"2":{"start":{"line":12,"column":8},"end":{"line":12,"column":15}},"3":{"start":{"line":14,"column":4},"end":{"line":18,"column":5}},"4":{"start":{"line":15,"column":8},"end":{"line":15,"column":50}},"5":{"start":{"line":17,"column":8},"end":{"line":17,"column":15}},"6":{"start":{"line":19,"column":4},"end":{"line":19,"column":26}},"7":{"start":{"line":20,"column":4},"end":{"line":20,"column":39}},"8":{"start":{"line":21,"column":4},"end":{"line":33,"column":5}},"9":{"start":{"line":22,"column":17},"end":{"line":22,"column":32}},"10":{"start":{"line":23,"column":8},"end":{"line":29,"column":9}},"11":{"start":{"line":24,"column":12},"end":{"line":24,"column":60}},"12":{"start":{"line":25,"column":12},"end":{"line":25,"column":65}},"13":{"start":{"line":27,"column":12},"end":{"line":27,"column":65}},"14":{"start":{"line":28,"column":12},"end":{"line":28,"column":60}},"15":{"start":{"line":31,"column":8},"end":{"line":31,"column":56}},"16":{"start":{"line":32,"column":8},"end":{"line":32,"column":56}},"17":{"start":{"line":34,"column":4},"end":{"line":34,"column":29}},"18":{"start":{"line":44,"column":13},"end":{"line":44,"column":14}},"19":{"start":{"line":45,"column":13},"end":{"line":45,"column":14}},"20":{"start":{"line":48,"column":4},"end":{"line":50,"column":19}},"21":{"start":{"line":49,"column":8},"end":{"line":49,"column":50}},"22":{"start":{"line":51,"column":4},"end":{"line":53,"column":19}},"23":{"start":{"line":52,"column":8},"end":{"line":52,"column":50}},"24":{"start":{"line":55,"column":4},"end":{"line":55,"column":50}},"25":{"start":{"line":56,"column":4},"end":{"line":56,"column":50}},"26":{"start":{"line":57,"column":4},"end":{"line":57,"column":43}},"27":{"start":{"line":68,"column":12},"end":{"line":68,"column":13}},"28":{"start":{"line":69,"column":13},"end":{"line":69,"column":28}},"29":{"start":{"line":70,"column":13},"end":{"line":70,"column":28}},"30":{"start":{"line":71,"column":4},"end":{"line":73,"column":19}},"31":{"start":{"line":72,"column":8},"end":{"line":72,"column":37}},"32":{"start":{"line":74,"column":4},"end":{"line":76,"column":19}},"33":{"start":{"line":75,"column":8},"end":{"line":75,"column":37}},"34":{"start":{"line":77,"column":4},"end":{"line":77,"column":87}},"35":{"start":{"line":87,"column":13},"end":{"line":87,"column":14}},"36":{"start":{"line":88,"column":13},"end":{"line":88,"column":14}},"37":{"start":{"line":91,"column":4},"end":{"line":93,"column":19}},"38":{"start":{"line":92,"column":8},"end":{"line":92,"column":50}},"39":{"start":{"line":94,"column":4},"end":{"line":96,"column":19}},"40":{"start":{"line":95,"column":8},"end":{"line":95,"column":50}},"41":{"start":{"line":98,"column":4},"end":{"line":98,"column":50}},"42":{"start":{"line":99,"column":4},"end":{"line":99,"column":50}},"43":{"start":{"line":100,"column":4},"end":{"line":100,"column":43}}},"fnMap":{"0":{"name":"accAdd","decl":{"start":{"line":7,"column":16},"end":{"line":7,"column":22}},"loc":{"start":{"line":7,"column":35},"end":{"line":35,"column":1}},"line":7},"1":{"name":"accSub","decl":{"start":{"line":43,"column":16},"end":{"line":43,"column":22}},"loc":{"start":{"line":43,"column":35},"end":{"line":59,"column":1}},"line":43},"2":{"name":"accMul","decl":{"start":{"line":67,"column":16},"end":{"line":67,"column":22}},"loc":{"start":{"line":67,"column":35},"end":{"line":78,"column":1}},"line":67},"3":{"name":"accDiv","decl":{"start":{"line":86,"column":16},"end":{"line":86,"column":22}},"loc":{"start":{"line":86,"column":35},"end":{"line":102,"column":1}},"line":86}},"branchMap":{"0":{"loc":{"start":{"line":21,"column":4},"end":{"line":33,"column":5}},"type":"if","locations":[{"start":{"line":21,"column":4},"end":{"line":33,"column":5}},{"start":{"line":30,"column":11},"end":{"line":33,"column":5}}],"line":21},"1":{"loc":{"start":{"line":23,"column":8},"end":{"line":29,"column":9}},"type":"if","locations":[{"start":{"line":23,"column":8},"end":{"line":29,"column":9}},{"start":{"line":26,"column":15},"end":{"line":29,"column":9}}],"line":23}},"s":{"0":7,"1":7,"2":4,"3":7,"4":7,"5":3,"6":7,"7":7,"8":7,"9":2,"10":2,"11":1,"12":1,"13":1,"14":1,"15":5,"16":5,"17":7,"18":7,"19":7,"20":7,"21":7,"22":7,"23":7,"24":7,"25":7,"26":7,"27":7,"28":7,"29":7,"30":7,"31":7,"32":7,"33":7,"34":7,"35":8,"36":8,"37":8,"38":8,"39":8,"40":8,"41":8,"42":8,"43":8},"f":{"0":7,"1":7,"2":7,"3":8},"b":{"0":[2,5],"1":[1,1]},"_coverageSchema":"1a1c01bbd47fc00a2c39e90264f33305004495a9","hash":"c4702c47cca8a29c415a396a4c098daa2da7ad0b"}
,"D:\\github\\componetDoc\\docs\\funAutoMd\\es6sourse\\common.js": {"path":"D:\\github\\componetDoc\\docs\\funAutoMd\\es6sourse\\common.js","statementMap":{"0":{"start":{"line":8,"column":4},"end":{"line":10,"column":5}},"1":{"start":{"line":9,"column":8},"end":{"line":9,"column":19}},"2":{"start":{"line":11,"column":19},"end":{"line":11,"column":43}},"3":{"start":{"line":12,"column":12},"end":{"line":12,"column":37}},"4":{"start":{"line":13,"column":16},"end":{"line":13,"column":37}},"5":{"start":{"line":14,"column":12},"end":{"line":14,"column":32}},"6":{"start":{"line":15,"column":14},"end":{"line":15,"column":35}},"7":{"start":{"line":16,"column":4},"end":{"line":16,"column":55}},"8":{"start":{"line":24,"column":13},"end":{"line":24,"column":97}},"9":{"start":{"line":25,"column":4},"end":{"line":25,"column":24}},"10":{"start":{"line":34,"column":21},"end":{"line":34,"column":40}},"11":{"start":{"line":36,"column":4},"end":{"line":40,"column":5}},"12":{"start":{"line":37,"column":8},"end":{"line":37,"column":29}},"13":{"start":{"line":39,"column":8},"end":{"line":39,"column":35}},"14":{"start":{"line":41,"column":18},"end":{"line":41,"column":52}},"15":{"start":{"line":42,"column":15},"end":{"line":42,"column":42}},"16":{"start":{"line":43,"column":15},"end":{"line":43,"column":42}},"17":{"start":{"line":44,"column":14},"end":{"line":44,"column":36}},"18":{"start":{"line":45,"column":14},"end":{"line":45,"column":26}},"19":{"start":{"line":46,"column":4},"end":{"line":48,"column":5}},"20":{"start":{"line":47,"column":8},"end":{"line":47,"column":18}},"21":{"start":{"line":49,"column":4},"end":{"line":49,"column":47}},"22":{"start":{"line":60,"column":4},"end":{"line":64,"column":5}},"23":{"start":{"line":61,"column":8},"end":{"line":61,"column":50}},"24":{"start":{"line":63,"column":8},"end":{"line":63,"column":15}},"25":{"start":{"line":65,"column":4},"end":{"line":69,"column":5}},"26":{"start":{"line":66,"column":8},"end":{"line":66,"column":50}},"27":{"start":{"line":68,"column":8},"end":{"line":68,"column":15}},"28":{"start":{"line":70,"column":4},"end":{"line":70,"column":26}},"29":{"start":{"line":71,"column":4},"end":{"line":71,"column":39}},"30":{"start":{"line":72,"column":4},"end":{"line":84,"column":5}},"31":{"start":{"line":73,"column":17},"end":{"line":73,"column":32}},"32":{"start":{"line":74,"column":8},"end":{"line":80,"column":9}},"33":{"start":{"line":75,"column":12},"end":{"line":75,"column":60}},"34":{"start":{"line":76,"column":12},"end":{"line":76,"column":65}},"35":{"start":{"line":78,"column":12},"end":{"line":78,"column":65}},"36":{"start":{"line":79,"column":12},"end":{"line":79,"column":60}},"37":{"start":{"line":82,"column":8},"end":{"line":82,"column":56}},"38":{"start":{"line":83,"column":8},"end":{"line":83,"column":56}},"39":{"start":{"line":85,"column":4},"end":{"line":85,"column":29}},"40":{"start":{"line":95,"column":12},"end":{"line":95,"column":13}},"41":{"start":{"line":96,"column":13},"end":{"line":96,"column":28}},"42":{"start":{"line":97,"column":13},"end":{"line":97,"column":28}},"43":{"start":{"line":98,"column":4},"end":{"line":100,"column":18}},"44":{"start":{"line":99,"column":8},"end":{"line":99,"column":37}},"45":{"start":{"line":101,"column":4},"end":{"line":103,"column":18}},"46":{"start":{"line":102,"column":8},"end":{"line":102,"column":37}},"47":{"start":{"line":104,"column":4},"end":{"line":104,"column":87}},"48":{"start":{"line":114,"column":13},"end":{"line":114,"column":14}},"49":{"start":{"line":115,"column":13},"end":{"line":115,"column":14}},"50":{"start":{"line":118,"column":4},"end":{"line":120,"column":18}},"51":{"start":{"line":119,"column":8},"end":{"line":119,"column":50}},"52":{"start":{"line":121,"column":4},"end":{"line":123,"column":18}},"53":{"start":{"line":122,"column":8},"end":{"line":122,"column":50}},"54":{"start":{"line":125,"column":4},"end":{"line":125,"column":50}},"55":{"start":{"line":126,"column":4},"end":{"line":126,"column":50}},"56":{"start":{"line":127,"column":4},"end":{"line":127,"column":43}},"57":{"start":{"line":137,"column":4},"end":{"line":137,"column":64}},"58":{"start":{"line":148,"column":21},"end":{"line":148,"column":56}},"59":{"start":{"line":149,"column":4},"end":{"line":151,"column":5}},"60":{"start":{"line":150,"column":8},"end":{"line":150,"column":21}},"61":{"start":{"line":152,"column":14},"end":{"line":152,"column":33}},"62":{"start":{"line":153,"column":4},"end":{"line":153,"column":34}},"63":{"start":{"line":162,"column":4},"end":{"line":164,"column":5}},"64":{"start":{"line":163,"column":8},"end":{"line":163,"column":22}},"65":{"start":{"line":165,"column":4},"end":{"line":165,"column":43}},"66":{"start":{"line":173,"column":15},"end":{"line":173,"column":87}},"67":{"start":{"line":175,"column":4},"end":{"line":185,"column":6}},"68":{"start":{"line":176,"column":19},"end":{"line":176,"column":36}},"69":{"start":{"line":177,"column":19},"end":{"line":177,"column":36}},"70":{"start":{"line":178,"column":8},"end":{"line":184,"column":9}},"71":{"start":{"line":179,"column":12},"end":{"line":179,"column":33}},"72":{"start":{"line":180,"column":15},"end":{"line":184,"column":9}},"73":{"start":{"line":181,"column":12},"end":{"line":181,"column":33}},"74":{"start":{"line":183,"column":12},"end":{"line":183,"column":21}},"75":{"start":{"line":190,"column":4},"end":{"line":196,"column":5}},"76":{"start":{"line":191,"column":18},"end":{"line":191,"column":51}},"77":{"start":{"line":192,"column":18},"end":{"line":192,"column":62}},"78":{"start":{"line":193,"column":8},"end":{"line":193,"column":63}},"79":{"start":{"line":195,"column":8},"end":{"line":195,"column":18}},"80":{"start":{"line":201,"column":12},"end":{"line":201,"column":31}},"81":{"start":{"line":202,"column":4},"end":{"line":202,"column":54}},"82":{"start":{"line":211,"column":16},"end":{"line":211,"column":113}},"83":{"start":{"line":212,"column":16},"end":{"line":212,"column":113}},"84":{"start":{"line":214,"column":19},"end":{"line":214,"column":52}},"85":{"start":{"line":215,"column":19},"end":{"line":215,"column":51}},"86":{"start":{"line":217,"column":4},"end":{"line":217,"column":20}},"87":{"start":{"line":226,"column":16},"end":{"line":226,"column":26}},"88":{"start":{"line":227,"column":4},"end":{"line":229,"column":5}},"89":{"start":{"line":228,"column":8},"end":{"line":228,"column":51}},"90":{"start":{"line":230,"column":25},"end":{"line":230,"column":69}},"91":{"start":{"line":231,"column":28},"end":{"line":231,"column":63}},"92":{"start":{"line":233,"column":4},"end":{"line":236,"column":5}},"93":{"start":{"line":234,"column":8},"end":{"line":234,"column":88}},"94":{"start":{"line":235,"column":8},"end":{"line":235,"column":64}},"95":{"start":{"line":238,"column":4},"end":{"line":238,"column":26}}},"fnMap":{"0":{"name":"formateDateToString","decl":{"start":{"line":7,"column":16},"end":{"line":7,"column":35}},"loc":{"start":{"line":7,"column":55},"end":{"line":17,"column":1}},"line":7},"1":{"name":"formateStringToDate","decl":{"start":{"line":23,"column":16},"end":{"line":23,"column":35}},"loc":{"start":{"line":23,"column":48},"end":{"line":26,"column":1}},"line":23},"2":{"name":"dateCount","decl":{"start":{"line":33,"column":16},"end":{"line":33,"column":25}},"loc":{"start":{"line":33,"column":45},"end":{"line":50,"column":1}},"line":33},"3":{"name":"accAdd","decl":{"start":{"line":58,"column":16},"end":{"line":58,"column":22}},"loc":{"start":{"line":58,"column":35},"end":{"line":86,"column":1}},"line":58},"4":{"name":"accMul","decl":{"start":{"line":94,"column":16},"end":{"line":94,"column":22}},"loc":{"start":{"line":94,"column":35},"end":{"line":105,"column":1}},"line":94},"5":{"name":"accDiv","decl":{"start":{"line":113,"column":16},"end":{"line":113,"column":22}},"loc":{"start":{"line":113,"column":35},"end":{"line":129,"column":1}},"line":113},"6":{"name":"thousandFormat","decl":{"start":{"line":136,"column":16},"end":{"line":136,"column":30}},"loc":{"start":{"line":136,"column":36},"end":{"line":138,"column":1}},"line":136},"7":{"name":"isTradeDate","decl":{"start":{"line":147,"column":16},"end":{"line":147,"column":27}},"loc":{"start":{"line":147,"column":56},"end":{"line":154,"column":1}},"line":147},"8":{"name":"abbreviation","decl":{"start":{"line":161,"column":16},"end":{"line":161,"column":28}},"loc":{"start":{"line":161,"column":50},"end":{"line":166,"column":1}},"line":161},"9":{"name":"compare","decl":{"start":{"line":172,"column":16},"end":{"line":172,"column":23}},"loc":{"start":{"line":172,"column":29},"end":{"line":186,"column":1}},"line":172},"10":{"name":"(anonymous_10)","decl":{"start":{"line":175,"column":11},"end":{"line":175,"column":12}},"loc":{"start":{"line":175,"column":33},"end":{"line":185,"column":5}},"line":175},"11":{"name":"getIosVersion","decl":{"start":{"line":189,"column":16},"end":{"line":189,"column":29}},"loc":{"start":{"line":189,"column":32},"end":{"line":197,"column":1}},"line":189},"12":{"name":"isIOS","decl":{"start":{"line":200,"column":16},"end":{"line":200,"column":21}},"loc":{"start":{"line":200,"column":24},"end":{"line":203,"column":1}},"line":200},"13":{"name":"getDiffDays","decl":{"start":{"line":210,"column":16},"end":{"line":210,"column":27}},"loc":{"start":{"line":210,"column":48},"end":{"line":218,"column":1}},"line":210},"14":{"name":"getLastTradingDay","decl":{"start":{"line":225,"column":16},"end":{"line":225,"column":33}},"loc":{"start":{"line":225,"column":62},"end":{"line":239,"column":1}},"line":225}},"branchMap":{"0":{"loc":{"start":{"line":8,"column":4},"end":{"line":10,"column":5}},"type":"if","locations":[{"start":{"line":8,"column":4},"end":{"line":10,"column":5}},{"start":{},"end":{}}],"line":8},"1":{"loc":{"start":{"line":13,"column":16},"end":{"line":13,"column":37}},"type":"cond-expr","locations":[{"start":{"line":13,"column":26},"end":{"line":13,"column":27}},{"start":{"line":13,"column":30},"end":{"line":13,"column":37}}],"line":13},"2":{"loc":{"start":{"line":15,"column":14},"end":{"line":15,"column":35}},"type":"cond-expr","locations":[{"start":{"line":15,"column":24},"end":{"line":15,"column":25}},{"start":{"line":15,"column":28},"end":{"line":15,"column":35}}],"line":15},"3":{"loc":{"start":{"line":36,"column":4},"end":{"line":40,"column":5}},"type":"if","locations":[{"start":{"line":36,"column":4},"end":{"line":40,"column":5}},{"start":{"line":38,"column":11},"end":{"line":40,"column":5}}],"line":36},"4":{"loc":{"start":{"line":46,"column":4},"end":{"line":48,"column":5}},"type":"if","locations":[{"start":{"line":46,"column":4},"end":{"line":48,"column":5}},{"start":{},"end":{}}],"line":46},"5":{"loc":{"start":{"line":46,"column":8},"end":{"line":46,"column":39}},"type":"binary-expr","locations":[{"start":{"line":46,"column":8},"end":{"line":46,"column":16}},{"start":{"line":46,"column":20},"end":{"line":46,"column":28}},{"start":{"line":46,"column":32},"end":{"line":46,"column":39}}],"line":46},"6":{"loc":{"start":{"line":72,"column":4},"end":{"line":84,"column":5}},"type":"if","locations":[{"start":{"line":72,"column":4},"end":{"line":84,"column":5}},{"start":{"line":81,"column":11},"end":{"line":84,"column":5}}],"line":72},"7":{"loc":{"start":{"line":74,"column":8},"end":{"line":80,"column":9}},"type":"if","locations":[{"start":{"line":74,"column":8},"end":{"line":80,"column":9}},{"start":{"line":77,"column":15},"end":{"line":80,"column":9}}],"line":74},"8":{"loc":{"start":{"line":149,"column":4},"end":{"line":151,"column":5}},"type":"if","locations":[{"start":{"line":149,"column":4},"end":{"line":151,"column":5}},{"start":{},"end":{}}],"line":149},"9":{"loc":{"start":{"line":153,"column":11},"end":{"line":153,"column":33}},"type":"binary-expr","locations":[{"start":{"line":153,"column":11},"end":{"line":153,"column":20}},{"start":{"line":153,"column":24},"end":{"line":153,"column":33}}],"line":153},"10":{"loc":{"start":{"line":161,"column":37},"end":{"line":161,"column":48}},"type":"default-arg","locations":[{"start":{"line":161,"column":46},"end":{"line":161,"column":48}}],"line":161},"11":{"loc":{"start":{"line":162,"column":4},"end":{"line":164,"column":5}},"type":"if","locations":[{"start":{"line":162,"column":4},"end":{"line":164,"column":5}},{"start":{},"end":{}}],"line":162},"12":{"loc":{"start":{"line":173,"column":15},"end":{"line":173,"column":87}},"type":"cond-expr","locations":[{"start":{"line":173,"column":68},"end":{"line":173,"column":80}},{"start":{"line":173,"column":83},"end":{"line":173,"column":87}}],"line":173},"13":{"loc":{"start":{"line":173,"column":15},"end":{"line":173,"column":65}},"type":"binary-expr","locations":[{"start":{"line":173,"column":15},"end":{"line":173,"column":35}},{"start":{"line":173,"column":39},"end":{"line":173,"column":65}}],"line":173},"14":{"loc":{"start":{"line":178,"column":8},"end":{"line":184,"column":9}},"type":"if","locations":[{"start":{"line":178,"column":8},"end":{"line":184,"column":9}},{"start":{"line":180,"column":15},"end":{"line":184,"column":9}}],"line":178},"15":{"loc":{"start":{"line":178,"column":12},"end":{"line":178,"column":38}},"type":"binary-expr","locations":[{"start":{"line":178,"column":12},"end":{"line":178,"column":23}},{"start":{"line":178,"column":27},"end":{"line":178,"column":38}}],"line":178},"16":{"loc":{"start":{"line":179,"column":19},"end":{"line":179,"column":32}},"type":"cond-expr","locations":[{"start":{"line":179,"column":26},"end":{"line":179,"column":27}},{"start":{"line":179,"column":30},"end":{"line":179,"column":32}}],"line":179},"17":{"loc":{"start":{"line":180,"column":15},"end":{"line":184,"column":9}},"type":"if","locations":[{"start":{"line":180,"column":15},"end":{"line":184,"column":9}},{"start":{"line":182,"column":15},"end":{"line":184,"column":9}}],"line":180},"18":{"loc":{"start":{"line":180,"column":19},"end":{"line":180,"column":45}},"type":"binary-expr","locations":[{"start":{"line":180,"column":19},"end":{"line":180,"column":30}},{"start":{"line":180,"column":34},"end":{"line":180,"column":45}}],"line":180},"19":{"loc":{"start":{"line":181,"column":19},"end":{"line":181,"column":32}},"type":"cond-expr","locations":[{"start":{"line":181,"column":26},"end":{"line":181,"column":28}},{"start":{"line":181,"column":31},"end":{"line":181,"column":32}}],"line":181},"20":{"loc":{"start":{"line":190,"column":4},"end":{"line":196,"column":5}},"type":"if","locations":[{"start":{"line":190,"column":4},"end":{"line":196,"column":5}},{"start":{"line":194,"column":11},"end":{"line":196,"column":5}}],"line":190},"21":{"loc":{"start":{"line":227,"column":4},"end":{"line":229,"column":5}},"type":"if","locations":[{"start":{"line":227,"column":4},"end":{"line":229,"column":5}},{"start":{},"end":{}}],"line":227},"22":{"loc":{"start":{"line":227,"column":7},"end":{"line":227,"column":34}},"type":"binary-expr","locations":[{"start":{"line":227,"column":7},"end":{"line":227,"column":17}},{"start":{"line":227,"column":21},"end":{"line":227,"column":34}}],"line":227},"23":{"loc":{"start":{"line":233,"column":11},"end":{"line":233,"column":122}},"type":"binary-expr","locations":[{"start":{"line":233,"column":11},"end":{"line":233,"column":58}},{"start":{"line":233,"column":62},"end":{"line":233,"column":90}},{"start":{"line":233,"column":94},"end":{"line":233,"column":122}}],"line":233}},"s":{"0":7,"1":6,"2":7,"3":7,"4":7,"5":7,"6":7,"7":7,"8":2,"9":2,"10":1,"11":1,"12":0,"13":1,"14":1,"15":1,"16":1,"17":1,"18":1,"19":1,"20":0,"21":1,"22":1,"23":1,"24":0,"25":1,"26":1,"27":0,"28":1,"29":1,"30":1,"31":0,"32":0,"33":0,"34":0,"35":0,"36":0,"37":1,"38":1,"39":1,"40":1,"41":1,"42":1,"43":1,"44":1,"45":1,"46":1,"47":1,"48":1,"49":1,"50":1,"51":1,"52":1,"53":1,"54":1,"55":1,"56":1,"57":10,"58":0,"59":0,"60":0,"61":0,"62":0,"63":1,"64":0,"65":1,"66":1,"67":1,"68":1,"69":1,"70":1,"71":1,"72":0,"73":0,"74":0,"75":1,"76":0,"77":0,"78":0,"79":1,"80":2,"81":2,"82":1,"83":1,"84":1,"85":1,"86":1,"87":1,"88":1,"89":1,"90":1,"91":1,"92":1,"93":3,"94":3,"95":1},"f":{"0":7,"1":2,"2":1,"3":1,"4":1,"5":1,"6":10,"7":0,"8":1,"9":1,"10":1,"11":1,"12":2,"13":1,"14":1},"b":{"0":[6,1],"1":[7,0],"2":[7,0],"3":[0,1],"4":[0,1],"5":[1,1,1],"6":[0,1],"7":[0,0],"8":[0,0],"9":[0,0],"10":[1],"11":[0,1],"12":[0,1],"13":[1,0],"14":[1,0],"15":[1,0],"16":[1,0],"17":[0,0],"18":[0,0],"19":[0,0],"20":[0,1],"21":[1,0],"22":[1,1],"23":[4,3,2]},"_coverageSchema":"1a1c01bbd47fc00a2c39e90264f33305004495a9","hash":"e1c406694e12762da07fc28ceeb82a61d2767157"}
,"D:\\github\\componetDoc\\docs\\funAutoMd\\es6sourse\\date.js": {"path":"D:\\github\\componetDoc\\docs\\funAutoMd\\es6sourse\\date.js","statementMap":{"0":{"start":{"line":8,"column":4},"end":{"line":10,"column":5}},"1":{"start":{"line":9,"column":8},"end":{"line":9,"column":19}},"2":{"start":{"line":11,"column":19},"end":{"line":11,"column":43}},"3":{"start":{"line":12,"column":12},"end":{"line":12,"column":37}},"4":{"start":{"line":13,"column":16},"end":{"line":13,"column":37}},"5":{"start":{"line":14,"column":12},"end":{"line":14,"column":32}},"6":{"start":{"line":15,"column":14},"end":{"line":15,"column":35}},"7":{"start":{"line":16,"column":18},"end":{"line":16,"column":61}},"8":{"start":{"line":17,"column":4},"end":{"line":17,"column":18}},"9":{"start":{"line":26,"column":13},"end":{"line":26,"column":97}},"10":{"start":{"line":27,"column":4},"end":{"line":27,"column":24}},"11":{"start":{"line":53,"column":4},"end":{"line":53,"column":32}},"12":{"start":{"line":53,"column":15},"end":{"line":53,"column":32}},"13":{"start":{"line":54,"column":18},"end":{"line":54,"column":22}},"14":{"start":{"line":55,"column":4},"end":{"line":57,"column":5}},"15":{"start":{"line":56,"column":8},"end":{"line":56,"column":43}},"16":{"start":{"line":58,"column":18},"end":{"line":58,"column":72}},"17":{"start":{"line":59,"column":21},"end":{"line":59,"column":99}},"18":{"start":{"line":60,"column":26},"end":{"line":60,"column":104}},"19":{"start":{"line":61,"column":23},"end":{"line":61,"column":101}},"20":{"start":{"line":62,"column":4},"end":{"line":84,"column":5}},"21":{"start":{"line":93,"column":16},"end":{"line":93,"column":113}},"22":{"start":{"line":94,"column":16},"end":{"line":94,"column":113}},"23":{"start":{"line":96,"column":19},"end":{"line":96,"column":52}},"24":{"start":{"line":97,"column":19},"end":{"line":97,"column":51}},"25":{"start":{"line":99,"column":4},"end":{"line":99,"column":20}},"26":{"start":{"line":109,"column":4},"end":{"line":109,"column":24}},"27":{"start":{"line":109,"column":15},"end":{"line":109,"column":24}},"28":{"start":{"line":110,"column":19},"end":{"line":110,"column":82}},"29":{"start":{"line":111,"column":21},"end":{"line":111,"column":104}},"30":{"start":{"line":112,"column":4},"end":{"line":116,"column":6}},"31":{"start":{"line":126,"column":4},"end":{"line":126,"column":32}},"32":{"start":{"line":126,"column":18},"end":{"line":126,"column":32}},"33":{"start":{"line":127,"column":14},"end":{"line":127,"column":37}},"34":{"start":{"line":128,"column":4},"end":{"line":130,"column":7}},"35":{"start":{"line":129,"column":8},"end":{"line":129,"column":55}},"36":{"start":{"line":129,"column":31},"end":{"line":129,"column":55}},"37":{"start":{"line":131,"column":4},"end":{"line":131,"column":29}},"38":{"start":{"line":140,"column":21},"end":{"line":140,"column":40}},"39":{"start":{"line":142,"column":4},"end":{"line":146,"column":5}},"40":{"start":{"line":143,"column":8},"end":{"line":143,"column":29}},"41":{"start":{"line":145,"column":8},"end":{"line":145,"column":35}},"42":{"start":{"line":147,"column":18},"end":{"line":147,"column":52}},"43":{"start":{"line":148,"column":15},"end":{"line":148,"column":42}},"44":{"start":{"line":149,"column":15},"end":{"line":149,"column":42}},"45":{"start":{"line":150,"column":14},"end":{"line":150,"column":36}},"46":{"start":{"line":151,"column":14},"end":{"line":151,"column":26}},"47":{"start":{"line":152,"column":4},"end":{"line":154,"column":5}},"48":{"start":{"line":153,"column":8},"end":{"line":153,"column":18}},"49":{"start":{"line":155,"column":4},"end":{"line":155,"column":47}},"50":{"start":{"line":164,"column":19},"end":{"line":164,"column":71}},"51":{"start":{"line":165,"column":4},"end":{"line":168,"column":5}}},"fnMap":{"0":{"name":"formateDateToString","decl":{"start":{"line":7,"column":16},"end":{"line":7,"column":35}},"loc":{"start":{"line":7,"column":55},"end":{"line":18,"column":1}},"line":7},"1":{"name":"formateStringToDate","decl":{"start":{"line":25,"column":16},"end":{"line":25,"column":35}},"loc":{"start":{"line":25,"column":48},"end":{"line":28,"column":1}},"line":25},"2":{"name":"getNearTime","decl":{"start":{"line":52,"column":16},"end":{"line":52,"column":27}},"loc":{"start":{"line":52,"column":47},"end":{"line":85,"column":1}},"line":52},"3":{"name":"getDiffDays","decl":{"start":{"line":92,"column":16},"end":{"line":92,"column":27}},"loc":{"start":{"line":92,"column":48},"end":{"line":100,"column":1}},"line":92},"4":{"name":"getDiffDate","decl":{"start":{"line":108,"column":16},"end":{"line":108,"column":27}},"loc":{"start":{"line":108,"column":40},"end":{"line":117,"column":1}},"line":108},"5":{"name":"addTimeZero","decl":{"start":{"line":125,"column":16},"end":{"line":125,"column":27}},"loc":{"start":{"line":125,"column":47},"end":{"line":132,"column":1}},"line":125},"6":{"name":"(anonymous_6)","decl":{"start":{"line":128,"column":16},"end":{"line":128,"column":17}},"loc":{"start":{"line":128,"column":39},"end":{"line":130,"column":5}},"line":128},"7":{"name":"dateCount","decl":{"start":{"line":139,"column":16},"end":{"line":139,"column":25}},"loc":{"start":{"line":139,"column":45},"end":{"line":156,"column":1}},"line":139},"8":{"name":"getMonthBeginEndDate","decl":{"start":{"line":163,"column":16},"end":{"line":163,"column":36}},"loc":{"start":{"line":163,"column":43},"end":{"line":169,"column":1}},"line":163}},"branchMap":{"0":{"loc":{"start":{"line":8,"column":4},"end":{"line":10,"column":5}},"type":"if","locations":[{"start":{"line":8,"column":4},"end":{"line":10,"column":5}},{"start":{},"end":{}}],"line":8},"1":{"loc":{"start":{"line":13,"column":16},"end":{"line":13,"column":37}},"type":"cond-expr","locations":[{"start":{"line":13,"column":26},"end":{"line":13,"column":27}},{"start":{"line":13,"column":30},"end":{"line":13,"column":37}}],"line":13},"2":{"loc":{"start":{"line":15,"column":14},"end":{"line":15,"column":35}},"type":"cond-expr","locations":[{"start":{"line":15,"column":24},"end":{"line":15,"column":25}},{"start":{"line":15,"column":28},"end":{"line":15,"column":35}}],"line":15},"3":{"loc":{"start":{"line":53,"column":4},"end":{"line":53,"column":32}},"type":"if","locations":[{"start":{"line":53,"column":4},"end":{"line":53,"column":32}},{"start":{},"end":{}}],"line":53},"4":{"loc":{"start":{"line":55,"column":4},"end":{"line":57,"column":5}},"type":"if","locations":[{"start":{"line":55,"column":4},"end":{"line":57,"column":5}},{"start":{},"end":{}}],"line":55},"5":{"loc":{"start":{"line":109,"column":4},"end":{"line":109,"column":24}},"type":"if","locations":[{"start":{"line":109,"column":4},"end":{"line":109,"column":24}},{"start":{},"end":{}}],"line":109},"6":{"loc":{"start":{"line":126,"column":4},"end":{"line":126,"column":32}},"type":"if","locations":[{"start":{"line":126,"column":4},"end":{"line":126,"column":32}},{"start":{},"end":{}}],"line":126},"7":{"loc":{"start":{"line":129,"column":8},"end":{"line":129,"column":55}},"type":"if","locations":[{"start":{"line":129,"column":8},"end":{"line":129,"column":55}},{"start":{},"end":{}}],"line":129},"8":{"loc":{"start":{"line":142,"column":4},"end":{"line":146,"column":5}},"type":"if","locations":[{"start":{"line":142,"column":4},"end":{"line":146,"column":5}},{"start":{"line":144,"column":11},"end":{"line":146,"column":5}}],"line":142},"9":{"loc":{"start":{"line":152,"column":4},"end":{"line":154,"column":5}},"type":"if","locations":[{"start":{"line":152,"column":4},"end":{"line":154,"column":5}},{"start":{},"end":{}}],"line":152},"10":{"loc":{"start":{"line":152,"column":8},"end":{"line":152,"column":39}},"type":"binary-expr","locations":[{"start":{"line":152,"column":8},"end":{"line":152,"column":16}},{"start":{"line":152,"column":20},"end":{"line":152,"column":28}},{"start":{"line":152,"column":32},"end":{"line":152,"column":39}}],"line":152}},"s":{"0":18,"1":7,"2":18,"3":18,"4":18,"5":18,"6":18,"7":18,"8":18,"9":11,"10":11,"11":7,"12":1,"13":7,"14":7,"15":1,"16":7,"17":7,"18":7,"19":7,"20":7,"21":0,"22":0,"23":0,"24":0,"25":0,"26":66,"27":53,"28":66,"29":66,"30":66,"31":75,"32":71,"33":75,"34":75,"35":223,"36":92,"37":75,"38":7,"39":7,"40":1,"41":6,"42":7,"43":7,"44":7,"45":7,"46":7,"47":7,"48":2,"49":5,"50":4,"51":4},"f":{"0":18,"1":11,"2":7,"3":0,"4":66,"5":75,"6":223,"7":7,"8":4},"b":{"0":[7,11],"1":[2,16],"2":[16,2],"3":[1,6],"4":[1,6],"5":[53,13],"6":[71,4],"7":[92,131],"8":[1,6],"9":[2,5],"10":[7,5,5]},"_coverageSchema":"1a1c01bbd47fc00a2c39e90264f33305004495a9","hash":"3668c456772d1e4cdbb9093da3313baf606484f1"}
,"D:\\github\\componetDoc\\docs\\funAutoMd\\es6sourse\\numbers.js": {"path":"D:\\github\\componetDoc\\docs\\funAutoMd\\es6sourse\\numbers.js","statementMap":{"0":{"start":{"line":7,"column":17},"end":{"line":7,"column":69}},"1":{"start":{"line":8,"column":4},"end":{"line":8,"column":18}}},"fnMap":{"0":{"name":"thousandFormat","decl":{"start":{"line":6,"column":16},"end":{"line":6,"column":30}},"loc":{"start":{"line":6,"column":36},"end":{"line":9,"column":1}},"line":6}},"branchMap":{},"s":{"0":9,"1":9},"f":{"0":9},"b":{},"_coverageSchema":"1a1c01bbd47fc00a2c39e90264f33305004495a9","hash":"481f41554378c7d5a4d8be91822e5f33c4a170fc"}
,"D:\\github\\componetDoc\\docs\\funAutoMd\\es6sourse\\optimization.js": {"path":"D:\\github\\componetDoc\\docs\\funAutoMd\\es6sourse\\optimization.js","statementMap":{"0":{"start":{"line":10,"column":19},"end":{"line":10,"column":34}},"1":{"start":{"line":11,"column":4},"end":{"line":25,"column":6}},"2":{"start":{"line":12,"column":17},"end":{"line":12,"column":21}},"3":{"start":{"line":13,"column":19},"end":{"line":13,"column":28}},"4":{"start":{"line":14,"column":18},"end":{"line":14,"column":29}},"5":{"start":{"line":15,"column":8},"end":{"line":24,"column":9}},"6":{"start":{"line":16,"column":12},"end":{"line":16,"column":32}},"7":{"start":{"line":17,"column":12},"end":{"line":20,"column":25}},"8":{"start":{"line":18,"column":16},"end":{"line":18,"column":27}},"9":{"start":{"line":19,"column":16},"end":{"line":19,"column":35}},"10":{"start":{"line":22,"column":12},"end":{"line":22,"column":23}},"11":{"start":{"line":23,"column":12},"end":{"line":23,"column":31}},"12":{"start":{"line":35,"column":16},"end":{"line":35,"column":28}},"13":{"start":{"line":37,"column":4},"end":{"line":47,"column":6}},"14":{"start":{"line":38,"column":17},"end":{"line":38,"column":21}},"15":{"start":{"line":39,"column":19},"end":{"line":39,"column":28}},"16":{"start":{"line":40,"column":8},"end":{"line":42,"column":9}},"17":{"start":{"line":41,"column":12},"end":{"line":41,"column":32}},"18":{"start":{"line":43,"column":8},"end":{"line":46,"column":18}},"19":{"start":{"line":44,"column":12},"end":{"line":44,"column":25}},"20":{"start":{"line":45,"column":12},"end":{"line":45,"column":31}}},"fnMap":{"0":{"name":"throttle","decl":{"start":{"line":7,"column":16},"end":{"line":7,"column":24}},"loc":{"start":{"line":7,"column":39},"end":{"line":26,"column":1}},"line":7},"1":{"name":"(anonymous_1)","decl":{"start":{"line":11,"column":11},"end":{"line":11,"column":12}},"loc":{"start":{"line":11,"column":23},"end":{"line":25,"column":5}},"line":11},"2":{"name":"(anonymous_2)","decl":{"start":{"line":17,"column":31},"end":{"line":17,"column":32}},"loc":{"start":{"line":17,"column":43},"end":{"line":20,"column":13}},"line":17},"3":{"name":"debounce","decl":{"start":{"line":34,"column":16},"end":{"line":34,"column":24}},"loc":{"start":{"line":34,"column":36},"end":{"line":48,"column":1}},"line":34},"4":{"name":"(anonymous_4)","decl":{"start":{"line":37,"column":11},"end":{"line":37,"column":12}},"loc":{"start":{"line":37,"column":23},"end":{"line":47,"column":5}},"line":37},"5":{"name":"(anonymous_5)","decl":{"start":{"line":43,"column":27},"end":{"line":43,"column":28}},"loc":{"start":{"line":43,"column":39},"end":{"line":46,"column":9}},"line":43}},"branchMap":{"0":{"loc":{"start":{"line":10,"column":19},"end":{"line":10,"column":34}},"type":"binary-expr","locations":[{"start":{"line":10,"column":19},"end":{"line":10,"column":27}},{"start":{"line":10,"column":31},"end":{"line":10,"column":34}}],"line":10},"1":{"loc":{"start":{"line":15,"column":8},"end":{"line":24,"column":9}},"type":"if","locations":[{"start":{"line":15,"column":8},"end":{"line":24,"column":9}},{"start":{"line":21,"column":15},"end":{"line":24,"column":9}}],"line":15},"2":{"loc":{"start":{"line":15,"column":12},"end":{"line":15,"column":41}},"type":"binary-expr","locations":[{"start":{"line":15,"column":12},"end":{"line":15,"column":16}},{"start":{"line":15,"column":20},"end":{"line":15,"column":41}}],"line":15},"3":{"loc":{"start":{"line":35,"column":16},"end":{"line":35,"column":28}},"type":"binary-expr","locations":[{"start":{"line":35,"column":16},"end":{"line":35,"column":21}},{"start":{"line":35,"column":25},"end":{"line":35,"column":28}}],"line":35},"4":{"loc":{"start":{"line":40,"column":8},"end":{"line":42,"column":9}},"type":"if","locations":[{"start":{"line":40,"column":8},"end":{"line":42,"column":9}},{"start":{},"end":{}}],"line":40}},"s":{"0":6,"1":6,"2":10,"3":10,"4":10,"5":10,"6":3,"7":3,"8":3,"9":3,"10":7,"11":7,"12":5,"13":5,"14":7,"15":7,"16":7,"17":2,"18":7,"19":5,"20":5},"f":{"0":6,"1":10,"2":3,"3":5,"4":7,"5":5},"b":{"0":[6,1],"1":[3,7],"2":[10,4],"3":[5,1],"4":[2,5]},"_coverageSchema":"1a1c01bbd47fc00a2c39e90264f33305004495a9","hash":"fe98575ea83fa3d054a980067624b96be9335c56"}
,"D:\\github\\componetDoc\\docs\\funAutoMd\\es6sourse\\other.js": {"path":"D:\\github\\componetDoc\\docs\\funAutoMd\\es6sourse\\other.js","statementMap":{"0":{"start":{"line":7,"column":14},"end":{"line":7,"column":16}},"1":{"start":{"line":8,"column":4},"end":{"line":23,"column":5}},"2":{"start":{"line":9,"column":8},"end":{"line":9,"column":38}},"3":{"start":{"line":10,"column":21},"end":{"line":10,"column":29}},"4":{"start":{"line":11,"column":8},"end":{"line":22,"column":9}},"5":{"start":{"line":13,"column":30},"end":{"line":13,"column":32}},"6":{"start":{"line":14,"column":12},"end":{"line":17,"column":13}},"7":{"start":{"line":14,"column":25},"end":{"line":14,"column":26}},"8":{"start":{"line":14,"column":34},"end":{"line":14,"column":47}},"9":{"start":{"line":15,"column":16},"end":{"line":15,"column":34}},"10":{"start":{"line":16,"column":16},"end":{"line":16,"column":58}},"11":{"start":{"line":18,"column":12},"end":{"line":18,"column":42}},"12":{"start":{"line":21,"column":12},"end":{"line":21,"column":47}},"13":{"start":{"line":24,"column":4},"end":{"line":24,"column":25}},"14":{"start":{"line":34,"column":17},"end":{"line":34,"column":97}},"15":{"start":{"line":35,"column":4},"end":{"line":37,"column":5}},"16":{"start":{"line":36,"column":8},"end":{"line":36,"column":18}},"17":{"start":{"line":38,"column":20},"end":{"line":38,"column":29}},"18":{"start":{"line":39,"column":21},"end":{"line":39,"column":41}},"19":{"start":{"line":41,"column":14},"end":{"line":41,"column":16}},"20":{"start":{"line":42,"column":4},"end":{"line":61,"column":5}},"21":{"start":{"line":42,"column":17},"end":{"line":42,"column":18}},"22":{"start":{"line":42,"column":26},"end":{"line":42,"column":43}},"23":{"start":{"line":44,"column":19},"end":{"line":44,"column":32}},"24":{"start":{"line":45,"column":8},"end":{"line":60,"column":9}},"25":{"start":{"line":46,"column":22},"end":{"line":46,"column":54}},"26":{"start":{"line":47,"column":24},"end":{"line":47,"column":66}},"27":{"start":{"line":49,"column":12},"end":{"line":51,"column":13}},"28":{"start":{"line":50,"column":16},"end":{"line":50,"column":50}},"29":{"start":{"line":52,"column":12},"end":{"line":59,"column":13}},"30":{"start":{"line":53,"column":16},"end":{"line":55,"column":17}},"31":{"start":{"line":54,"column":20},"end":{"line":54,"column":42}},"32":{"start":{"line":56,"column":16},"end":{"line":56,"column":37}},"33":{"start":{"line":58,"column":16},"end":{"line":58,"column":33}},"34":{"start":{"line":62,"column":4},"end":{"line":62,"column":15}},"35":{"start":{"line":72,"column":4},"end":{"line":74,"column":5}},"36":{"start":{"line":73,"column":8},"end":{"line":73,"column":19}},"37":{"start":{"line":75,"column":4},"end":{"line":75,"column":79}},"38":{"start":{"line":86,"column":12},"end":{"line":86,"column":28}},"39":{"start":{"line":87,"column":4},"end":{"line":89,"column":5}},"40":{"start":{"line":88,"column":8},"end":{"line":88,"column":18}},"41":{"start":{"line":90,"column":4},"end":{"line":90,"column":39}},"42":{"start":{"line":100,"column":4},"end":{"line":100,"column":32}},"43":{"start":{"line":100,"column":15},"end":{"line":100,"column":32}},"44":{"start":{"line":101,"column":18},"end":{"line":101,"column":22}},"45":{"start":{"line":102,"column":4},"end":{"line":104,"column":5}},"46":{"start":{"line":103,"column":8},"end":{"line":103,"column":43}},"47":{"start":{"line":105,"column":18},"end":{"line":105,"column":72}},"48":{"start":{"line":106,"column":21},"end":{"line":106,"column":99}},"49":{"start":{"line":107,"column":26},"end":{"line":107,"column":104}},"50":{"start":{"line":108,"column":23},"end":{"line":108,"column":101}},"51":{"start":{"line":109,"column":4},"end":{"line":131,"column":5}},"52":{"start":{"line":142,"column":4},"end":{"line":142,"column":24}},"53":{"start":{"line":142,"column":15},"end":{"line":142,"column":24}},"54":{"start":{"line":143,"column":19},"end":{"line":143,"column":82}},"55":{"start":{"line":144,"column":21},"end":{"line":144,"column":104}},"56":{"start":{"line":145,"column":4},"end":{"line":149,"column":6}},"57":{"start":{"line":160,"column":4},"end":{"line":160,"column":32}},"58":{"start":{"line":160,"column":18},"end":{"line":160,"column":32}},"59":{"start":{"line":161,"column":14},"end":{"line":161,"column":37}},"60":{"start":{"line":162,"column":4},"end":{"line":164,"column":7}},"61":{"start":{"line":163,"column":8},"end":{"line":163,"column":55}},"62":{"start":{"line":163,"column":31},"end":{"line":163,"column":55}},"63":{"start":{"line":165,"column":4},"end":{"line":165,"column":29}},"64":{"start":{"line":174,"column":19},"end":{"line":174,"column":71}},"65":{"start":{"line":175,"column":4},"end":{"line":178,"column":5}}},"fnMap":{"0":{"name":"toQueryString","decl":{"start":{"line":6,"column":16},"end":{"line":6,"column":29}},"loc":{"start":{"line":6,"column":35},"end":{"line":25,"column":1}},"line":6},"1":{"name":"toQueryParams","decl":{"start":{"line":33,"column":16},"end":{"line":33,"column":29}},"loc":{"start":{"line":33,"column":32},"end":{"line":63,"column":1}},"line":33},"2":{"name":"toQueryPair","decl":{"start":{"line":71,"column":16},"end":{"line":71,"column":27}},"loc":{"start":{"line":71,"column":40},"end":{"line":76,"column":1}},"line":71},"3":{"name":"zhangHongDieLv","decl":{"start":{"line":85,"column":16},"end":{"line":85,"column":30}},"loc":{"start":{"line":85,"column":37},"end":{"line":91,"column":1}},"line":85},"4":{"name":"getNearTime","decl":{"start":{"line":99,"column":16},"end":{"line":99,"column":27}},"loc":{"start":{"line":99,"column":47},"end":{"line":132,"column":1}},"line":99},"5":{"name":"getDiffDate","decl":{"start":{"line":141,"column":16},"end":{"line":141,"column":27}},"loc":{"start":{"line":141,"column":40},"end":{"line":150,"column":1}},"line":141},"6":{"name":"addTimeZero","decl":{"start":{"line":159,"column":16},"end":{"line":159,"column":27}},"loc":{"start":{"line":159,"column":47},"end":{"line":166,"column":1}},"line":159},"7":{"name":"(anonymous_7)","decl":{"start":{"line":162,"column":16},"end":{"line":162,"column":17}},"loc":{"start":{"line":162,"column":39},"end":{"line":164,"column":5}},"line":162},"8":{"name":"getMonthBeginEndDate","decl":{"start":{"line":173,"column":16},"end":{"line":173,"column":36}},"loc":{"start":{"line":173,"column":43},"end":{"line":179,"column":1}},"line":173}},"branchMap":{"0":{"loc":{"start":{"line":11,"column":8},"end":{"line":22,"column":9}},"type":"if","locations":[{"start":{"line":11,"column":8},"end":{"line":22,"column":9}},{"start":{"line":19,"column":15},"end":{"line":22,"column":9}}],"line":11},"1":{"loc":{"start":{"line":11,"column":12},"end":{"line":11,"column":49}},"type":"binary-expr","locations":[{"start":{"line":11,"column":12},"end":{"line":11,"column":18}},{"start":{"line":11,"column":22},"end":{"line":11,"column":49}}],"line":11},"2":{"loc":{"start":{"line":35,"column":4},"end":{"line":37,"column":5}},"type":"if","locations":[{"start":{"line":35,"column":4},"end":{"line":37,"column":5}},{"start":{},"end":{}}],"line":35},"3":{"loc":{"start":{"line":45,"column":8},"end":{"line":60,"column":9}},"type":"if","locations":[{"start":{"line":45,"column":8},"end":{"line":60,"column":9}},{"start":{},"end":{}}],"line":45},"4":{"loc":{"start":{"line":47,"column":24},"end":{"line":47,"column":66}},"type":"cond-expr","locations":[{"start":{"line":47,"column":42},"end":{"line":47,"column":56}},{"start":{"line":47,"column":59},"end":{"line":47,"column":66}}],"line":47},"5":{"loc":{"start":{"line":49,"column":12},"end":{"line":51,"column":13}},"type":"if","locations":[{"start":{"line":49,"column":12},"end":{"line":51,"column":13}},{"start":{},"end":{}}],"line":49},"6":{"loc":{"start":{"line":52,"column":12},"end":{"line":59,"column":13}},"type":"if","locations":[{"start":{"line":52,"column":12},"end":{"line":59,"column":13}},{"start":{"line":57,"column":19},"end":{"line":59,"column":13}}],"line":52},"7":{"loc":{"start":{"line":53,"column":16},"end":{"line":55,"column":17}},"type":"if","locations":[{"start":{"line":53,"column":16},"end":{"line":55,"column":17}},{"start":{},"end":{}}],"line":53},"8":{"loc":{"start":{"line":72,"column":4},"end":{"line":74,"column":5}},"type":"if","locations":[{"start":{"line":72,"column":4},"end":{"line":74,"column":5}},{"start":{},"end":{}}],"line":72},"9":{"loc":{"start":{"line":75,"column":42},"end":{"line":75,"column":77}},"type":"cond-expr","locations":[{"start":{"line":75,"column":59},"end":{"line":75,"column":61}},{"start":{"line":75,"column":64},"end":{"line":75,"column":77}}],"line":75},"10":{"loc":{"start":{"line":87,"column":4},"end":{"line":89,"column":5}},"type":"if","locations":[{"start":{"line":87,"column":4},"end":{"line":89,"column":5}},{"start":{},"end":{}}],"line":87},"11":{"loc":{"start":{"line":87,"column":8},"end":{"line":87,"column":26}},"type":"binary-expr","locations":[{"start":{"line":87,"column":8},"end":{"line":87,"column":16}},{"start":{"line":87,"column":20},"end":{"line":87,"column":26}}],"line":87},"12":{"loc":{"start":{"line":90,"column":11},"end":{"line":90,"column":38}},"type":"cond-expr","locations":[{"start":{"line":90,"column":19},"end":{"line":90,"column":26}},{"start":{"line":90,"column":29},"end":{"line":90,"column":38}}],"line":90},"13":{"loc":{"start":{"line":100,"column":4},"end":{"line":100,"column":32}},"type":"if","locations":[{"start":{"line":100,"column":4},"end":{"line":100,"column":32}},{"start":{},"end":{}}],"line":100},"14":{"loc":{"start":{"line":102,"column":4},"end":{"line":104,"column":5}},"type":"if","locations":[{"start":{"line":102,"column":4},"end":{"line":104,"column":5}},{"start":{},"end":{}}],"line":102},"15":{"loc":{"start":{"line":142,"column":4},"end":{"line":142,"column":24}},"type":"if","locations":[{"start":{"line":142,"column":4},"end":{"line":142,"column":24}},{"start":{},"end":{}}],"line":142},"16":{"loc":{"start":{"line":160,"column":4},"end":{"line":160,"column":32}},"type":"if","locations":[{"start":{"line":160,"column":4},"end":{"line":160,"column":32}},{"start":{},"end":{}}],"line":160},"17":{"loc":{"start":{"line":163,"column":8},"end":{"line":163,"column":55}},"type":"if","locations":[{"start":{"line":163,"column":8},"end":{"line":163,"column":55}},{"start":{},"end":{}}],"line":163}},"s":{"0":2,"1":2,"2":3,"3":3,"4":3,"5":1,"6":1,"7":1,"8":1,"9":2,"10":2,"11":1,"12":2,"13":2,"14":2,"15":2,"16":0,"17":2,"18":2,"19":2,"20":2,"21":2,"22":2,"23":4,"24":4,"25":4,"26":4,"27":4,"28":4,"29":4,"30":1,"31":1,"32":1,"33":3,"34":2,"35":4,"36":0,"37":4,"38":4,"39":4,"40":2,"41":2,"42":1,"43":0,"44":1,"45":1,"46":1,"47":1,"48":1,"49":1,"50":1,"51":1,"52":11,"53":7,"54":11,"55":11,"56":11,"57":12,"58":12,"59":12,"60":12,"61":36,"62":13,"63":12,"64":1,"65":1},"f":{"0":2,"1":2,"2":4,"3":4,"4":1,"5":11,"6":12,"7":36,"8":1},"b":{"0":[1,2],"1":[3,3],"2":[0,2],"3":[4,0],"4":[0,4],"5":[4,0],"6":[1,3],"7":[1,0],"8":[0,4],"9":[0,4],"10":[2,2],"11":[4,3],"12":[1,1],"13":[0,1],"14":[1,0],"15":[7,4],"16":[12,0],"17":[13,23]},"_coverageSchema":"1a1c01bbd47fc00a2c39e90264f33305004495a9","hash":"f7ca3dc39961320a045c8d77e31403dcaecef535"}
,"D:\\github\\componetDoc\\docs\\funAutoMd\\es6sourse\\stringFun.js": {"path":"D:\\github\\componetDoc\\docs\\funAutoMd\\es6sourse\\stringFun.js","statementMap":{"0":{"start":{"line":7,"column":17},"end":{"line":7,"column":87}},"1":{"start":{"line":9,"column":4},"end":{"line":11,"column":5}},"2":{"start":{"line":10,"column":8},"end":{"line":10,"column":22}},"3":{"start":{"line":12,"column":4},"end":{"line":12,"column":43}}},"fnMap":{"0":{"name":"abbreviation","decl":{"start":{"line":6,"column":16},"end":{"line":6,"column":28}},"loc":{"start":{"line":6,"column":37},"end":{"line":13,"column":1}},"line":6}},"branchMap":{"0":{"loc":{"start":{"line":7,"column":17},"end":{"line":7,"column":87}},"type":"cond-expr","locations":[{"start":{"line":7,"column":70},"end":{"line":7,"column":82}},{"start":{"line":7,"column":85},"end":{"line":7,"column":87}}],"line":7},"1":{"loc":{"start":{"line":7,"column":17},"end":{"line":7,"column":67}},"type":"binary-expr","locations":[{"start":{"line":7,"column":17},"end":{"line":7,"column":37}},{"start":{"line":7,"column":41},"end":{"line":7,"column":67}}],"line":7},"2":{"loc":{"start":{"line":9,"column":4},"end":{"line":11,"column":5}},"type":"if","locations":[{"start":{"line":9,"column":4},"end":{"line":11,"column":5}},{"start":{},"end":{}}],"line":9}},"s":{"0":13,"1":13,"2":6,"3":7},"f":{"0":13},"b":{"0":[4,9],"1":[13,4],"2":[6,7]},"_coverageSchema":"1a1c01bbd47fc00a2c39e90264f33305004495a9","hash":"65974c523b31442f9f52b05e49c705a41290b1bf"}
,"D:\\github\\componetDoc\\docs\\funAutoMd\\es6sourse\\trade.js": {"path":"D:\\github\\componetDoc\\docs\\funAutoMd\\es6sourse\\trade.js","statementMap":{"0":{"start":{"line":1,"column":26},"end":{"line":1,"column":63}},"1":{"start":{"line":7,"column":4},"end":{"line":12,"column":5}},"2":{"start":{"line":8,"column":8},"end":{"line":8,"column":20}},"3":{"start":{"line":11,"column":8},"end":{"line":11,"column":21}},"4":{"start":{"line":22,"column":21},"end":{"line":22,"column":56}},"5":{"start":{"line":23,"column":4},"end":{"line":25,"column":5}},"6":{"start":{"line":24,"column":8},"end":{"line":24,"column":21}},"7":{"start":{"line":26,"column":14},"end":{"line":26,"column":33}},"8":{"start":{"line":27,"column":4},"end":{"line":27,"column":34}},"9":{"start":{"line":37,"column":16},"end":{"line":37,"column":26}},"10":{"start":{"line":38,"column":4},"end":{"line":40,"column":5}},"11":{"start":{"line":39,"column":8},"end":{"line":39,"column":51}},"12":{"start":{"line":41,"column":25},"end":{"line":41,"column":69}},"13":{"start":{"line":42,"column":28},"end":{"line":42,"column":63}},"14":{"start":{"line":44,"column":4},"end":{"line":47,"column":5}},"15":{"start":{"line":45,"column":8},"end":{"line":45,"column":88}},"16":{"start":{"line":46,"column":8},"end":{"line":46,"column":64}},"17":{"start":{"line":49,"column":4},"end":{"line":49,"column":26}}},"fnMap":{"0":{"name":"checkIsA5","decl":{"start":{"line":6,"column":16},"end":{"line":6,"column":25}},"loc":{"start":{"line":6,"column":32},"end":{"line":13,"column":1}},"line":6},"1":{"name":"isTradeDate","decl":{"start":{"line":21,"column":16},"end":{"line":21,"column":27}},"loc":{"start":{"line":21,"column":56},"end":{"line":28,"column":1}},"line":21},"2":{"name":"getLastTradingDay","decl":{"start":{"line":36,"column":16},"end":{"line":36,"column":33}},"loc":{"start":{"line":36,"column":62},"end":{"line":50,"column":1}},"line":36}},"branchMap":{"0":{"loc":{"start":{"line":7,"column":4},"end":{"line":12,"column":5}},"type":"if","locations":[{"start":{"line":7,"column":4},"end":{"line":12,"column":5}},{"start":{"line":10,"column":9},"end":{"line":12,"column":5}}],"line":7},"1":{"loc":{"start":{"line":7,"column":8},"end":{"line":7,"column":69}},"type":"binary-expr","locations":[{"start":{"line":7,"column":8},"end":{"line":7,"column":12}},{"start":{"line":7,"column":16},"end":{"line":7,"column":37}},{"start":{"line":7,"column":41},"end":{"line":7,"column":69}}],"line":7},"2":{"loc":{"start":{"line":23,"column":4},"end":{"line":25,"column":5}},"type":"if","locations":[{"start":{"line":23,"column":4},"end":{"line":25,"column":5}},{"start":{},"end":{}}],"line":23},"3":{"loc":{"start":{"line":27,"column":11},"end":{"line":27,"column":33}},"type":"binary-expr","locations":[{"start":{"line":27,"column":11},"end":{"line":27,"column":20}},{"start":{"line":27,"column":24},"end":{"line":27,"column":33}}],"line":27},"4":{"loc":{"start":{"line":38,"column":4},"end":{"line":40,"column":5}},"type":"if","locations":[{"start":{"line":38,"column":4},"end":{"line":40,"column":5}},{"start":{},"end":{}}],"line":38},"5":{"loc":{"start":{"line":38,"column":8},"end":{"line":38,"column":35}},"type":"binary-expr","locations":[{"start":{"line":38,"column":8},"end":{"line":38,"column":18}},{"start":{"line":38,"column":22},"end":{"line":38,"column":35}}],"line":38},"6":{"loc":{"start":{"line":44,"column":11},"end":{"line":44,"column":122}},"type":"binary-expr","locations":[{"start":{"line":44,"column":11},"end":{"line":44,"column":58}},{"start":{"line":44,"column":62},"end":{"line":44,"column":90}},{"start":{"line":44,"column":94},"end":{"line":44,"column":122}}],"line":44}},"s":{"0":1,"1":4,"2":1,"3":3,"4":4,"5":4,"6":0,"7":4,"8":4,"9":4,"10":4,"11":1,"12":4,"13":4,"14":4,"15":2,"16":2,"17":4},"f":{"0":4,"1":4,"2":4},"b":{"0":[1,3],"1":[4,3,2],"2":[0,4],"3":[4,3],"4":[1,3],"5":[4,4],"6":[6,6,5]},"_coverageSchema":"1a1c01bbd47fc00a2c39e90264f33305004495a9","hash":"a80f3cdb37629faddb6719b1a3640c03cfab2ab7"}
,"D:\\github\\componetDoc\\docs\\funAutoMd\\es6sourse\\urlFun.js": {"path":"D:\\github\\componetDoc\\docs\\funAutoMd\\es6sourse\\urlFun.js","statementMap":{"0":{"start":{"line":7,"column":14},"end":{"line":7,"column":63}},"1":{"start":{"line":8,"column":12},"end":{"line":8,"column":55}},"2":{"start":{"line":9,"column":4},"end":{"line":9,"column":41}},"3":{"start":{"line":9,"column":19},"end":{"line":9,"column":41}},"4":{"start":{"line":10,"column":4},"end":{"line":10,"column":16}},"5":{"start":{"line":18,"column":17},"end":{"line":18,"column":104}},"6":{"start":{"line":19,"column":4},"end":{"line":21,"column":5}},"7":{"start":{"line":20,"column":8},"end":{"line":20,"column":18}},"8":{"start":{"line":22,"column":20},"end":{"line":22,"column":29}},"9":{"start":{"line":23,"column":21},"end":{"line":23,"column":41}},"10":{"start":{"line":25,"column":14},"end":{"line":25,"column":16}},"11":{"start":{"line":26,"column":4},"end":{"line":45,"column":5}},"12":{"start":{"line":26,"column":17},"end":{"line":26,"column":18}},"13":{"start":{"line":26,"column":26},"end":{"line":26,"column":43}},"14":{"start":{"line":28,"column":19},"end":{"line":28,"column":32}},"15":{"start":{"line":29,"column":8},"end":{"line":44,"column":9}},"16":{"start":{"line":30,"column":22},"end":{"line":30,"column":54}},"17":{"start":{"line":31,"column":24},"end":{"line":31,"column":66}},"18":{"start":{"line":33,"column":12},"end":{"line":35,"column":13}},"19":{"start":{"line":34,"column":16},"end":{"line":34,"column":50}},"20":{"start":{"line":36,"column":12},"end":{"line":43,"column":13}},"21":{"start":{"line":37,"column":16},"end":{"line":39,"column":17}},"22":{"start":{"line":38,"column":20},"end":{"line":38,"column":42}},"23":{"start":{"line":40,"column":16},"end":{"line":40,"column":37}},"24":{"start":{"line":42,"column":16},"end":{"line":42,"column":33}},"25":{"start":{"line":46,"column":4},"end":{"line":46,"column":15}},"26":{"start":{"line":55,"column":14},"end":{"line":55,"column":16}},"27":{"start":{"line":56,"column":4},"end":{"line":71,"column":5}},"28":{"start":{"line":57,"column":8},"end":{"line":57,"column":38}},"29":{"start":{"line":58,"column":21},"end":{"line":58,"column":29}},"30":{"start":{"line":59,"column":8},"end":{"line":70,"column":9}},"31":{"start":{"line":61,"column":30},"end":{"line":61,"column":32}},"32":{"start":{"line":62,"column":12},"end":{"line":65,"column":13}},"33":{"start":{"line":62,"column":25},"end":{"line":62,"column":26}},"34":{"start":{"line":62,"column":34},"end":{"line":62,"column":47}},"35":{"start":{"line":63,"column":16},"end":{"line":63,"column":34}},"36":{"start":{"line":64,"column":16},"end":{"line":64,"column":58}},"37":{"start":{"line":66,"column":12},"end":{"line":66,"column":42}},"38":{"start":{"line":69,"column":12},"end":{"line":69,"column":47}},"39":{"start":{"line":72,"column":4},"end":{"line":72,"column":25}},"40":{"start":{"line":82,"column":4},"end":{"line":84,"column":5}},"41":{"start":{"line":83,"column":8},"end":{"line":83,"column":19}},"42":{"start":{"line":85,"column":4},"end":{"line":85,"column":79}}},"fnMap":{"0":{"name":"getParameter","decl":{"start":{"line":6,"column":16},"end":{"line":6,"column":28}},"loc":{"start":{"line":6,"column":35},"end":{"line":11,"column":1}},"line":6},"1":{"name":"toQueryParams","decl":{"start":{"line":17,"column":16},"end":{"line":17,"column":29}},"loc":{"start":{"line":17,"column":32},"end":{"line":47,"column":1}},"line":17},"2":{"name":"toQueryString","decl":{"start":{"line":54,"column":16},"end":{"line":54,"column":29}},"loc":{"start":{"line":54,"column":35},"end":{"line":73,"column":1}},"line":54},"3":{"name":"toQueryPair","decl":{"start":{"line":81,"column":16},"end":{"line":81,"column":27}},"loc":{"start":{"line":81,"column":40},"end":{"line":86,"column":1}},"line":81}},"branchMap":{"0":{"loc":{"start":{"line":9,"column":4},"end":{"line":9,"column":41}},"type":"if","locations":[{"start":{"line":9,"column":4},"end":{"line":9,"column":41}},{"start":{},"end":{}}],"line":9},"1":{"loc":{"start":{"line":19,"column":4},"end":{"line":21,"column":5}},"type":"if","locations":[{"start":{"line":19,"column":4},"end":{"line":21,"column":5}},{"start":{},"end":{}}],"line":19},"2":{"loc":{"start":{"line":29,"column":8},"end":{"line":44,"column":9}},"type":"if","locations":[{"start":{"line":29,"column":8},"end":{"line":44,"column":9}},{"start":{},"end":{}}],"line":29},"3":{"loc":{"start":{"line":31,"column":24},"end":{"line":31,"column":66}},"type":"cond-expr","locations":[{"start":{"line":31,"column":42},"end":{"line":31,"column":56}},{"start":{"line":31,"column":59},"end":{"line":31,"column":66}}],"line":31},"4":{"loc":{"start":{"line":33,"column":12},"end":{"line":35,"column":13}},"type":"if","locations":[{"start":{"line":33,"column":12},"end":{"line":35,"column":13}},{"start":{},"end":{}}],"line":33},"5":{"loc":{"start":{"line":36,"column":12},"end":{"line":43,"column":13}},"type":"if","locations":[{"start":{"line":36,"column":12},"end":{"line":43,"column":13}},{"start":{"line":41,"column":19},"end":{"line":43,"column":13}}],"line":36},"6":{"loc":{"start":{"line":37,"column":16},"end":{"line":39,"column":17}},"type":"if","locations":[{"start":{"line":37,"column":16},"end":{"line":39,"column":17}},{"start":{},"end":{}}],"line":37},"7":{"loc":{"start":{"line":59,"column":8},"end":{"line":70,"column":9}},"type":"if","locations":[{"start":{"line":59,"column":8},"end":{"line":70,"column":9}},{"start":{"line":67,"column":15},"end":{"line":70,"column":9}}],"line":59},"8":{"loc":{"start":{"line":59,"column":12},"end":{"line":59,"column":49}},"type":"binary-expr","locations":[{"start":{"line":59,"column":12},"end":{"line":59,"column":18}},{"start":{"line":59,"column":22},"end":{"line":59,"column":49}}],"line":59},"9":{"loc":{"start":{"line":82,"column":4},"end":{"line":84,"column":5}},"type":"if","locations":[{"start":{"line":82,"column":4},"end":{"line":84,"column":5}},{"start":{},"end":{}}],"line":82},"10":{"loc":{"start":{"line":85,"column":42},"end":{"line":85,"column":77}},"type":"cond-expr","locations":[{"start":{"line":85,"column":59},"end":{"line":85,"column":61}},{"start":{"line":85,"column":64},"end":{"line":85,"column":77}}],"line":85}},"s":{"0":10,"1":10,"2":10,"3":9,"4":1,"5":12,"6":12,"7":0,"8":12,"9":12,"10":12,"11":12,"12":12,"13":12,"14":21,"15":21,"16":19,"17":19,"18":19,"19":19,"20":19,"21":2,"22":2,"23":2,"24":17,"25":12,"26":6,"27":6,"28":9,"29":9,"30":9,"31":2,"32":2,"33":2,"34":2,"35":4,"36":4,"37":2,"38":7,"39":6,"40":19,"41":1,"42":18},"f":{"0":10,"1":12,"2":6,"3":19},"b":{"0":[9,1],"1":[0,12],"2":[19,2],"3":[1,18],"4":[19,0],"5":[2,17],"6":[2,0],"7":[2,7],"8":[9,9],"9":[1,18],"10":[1,17]},"_coverageSchema":"1a1c01bbd47fc00a2c39e90264f33305004495a9","hash":"7330f17474adbdac45a3bebceef96ada19770647"}
,"D:\\github\\componetDoc\\docs\\funAutoMd\\es6sourse\\userEnv.js": {"path":"D:\\github\\componetDoc\\docs\\funAutoMd\\es6sourse\\userEnv.js","statementMap":{"0":{"start":{"line":5,"column":12},"end":{"line":5,"column":31}},"1":{"start":{"line":6,"column":4},"end":{"line":6,"column":54}},"2":{"start":{"line":13,"column":4},"end":{"line":19,"column":5}},"3":{"start":{"line":14,"column":18},"end":{"line":14,"column":51}},"4":{"start":{"line":15,"column":18},"end":{"line":15,"column":62}},"5":{"start":{"line":16,"column":8},"end":{"line":16,"column":63}},"6":{"start":{"line":18,"column":8},"end":{"line":18,"column":18}}},"fnMap":{"0":{"name":"isIOS","decl":{"start":{"line":4,"column":16},"end":{"line":4,"column":21}},"loc":{"start":{"line":4,"column":24},"end":{"line":7,"column":1}},"line":4},"1":{"name":"getIosVersion","decl":{"start":{"line":12,"column":16},"end":{"line":12,"column":29}},"loc":{"start":{"line":12,"column":32},"end":{"line":20,"column":1}},"line":12}},"branchMap":{"0":{"loc":{"start":{"line":13,"column":4},"end":{"line":19,"column":5}},"type":"if","locations":[{"start":{"line":13,"column":4},"end":{"line":19,"column":5}},{"start":{"line":17,"column":11},"end":{"line":19,"column":5}}],"line":13}},"s":{"0":11,"1":11,"2":7,"3":5,"4":5,"5":5,"6":2},"f":{"0":11,"1":7},"b":{"0":[5,2]},"_coverageSchema":"1a1c01bbd47fc00a2c39e90264f33305004495a9","hash":"a60450309e269bd974ba276fa36e4959a206e151"}
}
