TN:
SF:docs\funAutoMd\es6sourse\common.js
FN:7,formateDateToString
FN:23,formateStringToDate
FN:33,dateCount
FN:58,accAdd
FN:94,accMul
FN:113,accDiv
FN:136,thousandFormat
FN:147,isTradeDate
FN:161,abbreviation
FN:172,compare
FN:175,(anonymous_10)
FN:189,getIosVersion
FN:200,isIOS
FN:210,getDiffDays
FN:225,getLastTradingDay
FNF:15
FNH:14
FNDA:7,formateDateToString
FNDA:2,formateStringToDate
FNDA:1,dateCount
FNDA:1,accAdd
FNDA:1,accMul
FNDA:1,accDiv
FNDA:1,thousandFormat
FNDA:0,isTradeDate
FNDA:1,abbreviation
FNDA:1,compare
FNDA:1,(anonymous_10)
FNDA:1,getIosVersion
FNDA:2,isIOS
FNDA:1,getDiffDays
FNDA:1,getLastTradingDay
DA:8,7
DA:9,6
DA:11,7
DA:12,7
DA:13,7
DA:14,7
DA:15,7
DA:16,7
DA:24,2
DA:25,2
DA:34,1
DA:36,1
DA:37,0
DA:39,1
DA:41,1
DA:42,1
DA:43,1
DA:44,1
DA:45,1
DA:46,1
DA:47,0
DA:49,1
DA:60,1
DA:61,1
DA:63,0
DA:65,1
DA:66,1
DA:68,0
DA:70,1
DA:71,1
DA:72,1
DA:73,0
DA:74,0
DA:75,0
DA:76,0
DA:78,0
DA:79,0
DA:82,1
DA:83,1
DA:85,1
DA:95,1
DA:96,1
DA:97,1
DA:98,1
DA:99,1
DA:101,1
DA:102,1
DA:104,1
DA:114,1
DA:115,1
DA:118,1
DA:119,1
DA:121,1
DA:122,1
DA:125,1
DA:126,1
DA:127,1
DA:137,1
DA:148,0
DA:149,0
DA:150,0
DA:152,0
DA:153,0
DA:162,1
DA:163,0
DA:165,1
DA:173,1
DA:175,1
DA:176,1
DA:177,1
DA:178,1
DA:179,1
DA:180,0
DA:181,0
DA:183,0
DA:190,1
DA:191,0
DA:192,0
DA:193,0
DA:195,1
DA:201,2
DA:202,2
DA:211,1
DA:212,1
DA:214,1
DA:215,1
DA:217,1
DA:226,1
DA:227,1
DA:228,1
DA:230,1
DA:231,1
DA:233,1
DA:234,3
DA:235,3
DA:238,1
LF:96
LH:74
BRDA:8,0,0,6
BRDA:8,0,1,1
BRDA:13,1,0,7
BRDA:13,1,1,0
BRDA:15,2,0,7
BRDA:15,2,1,0
BRDA:36,3,0,0
BRDA:36,3,1,1
BRDA:46,4,0,0
BRDA:46,4,1,1
BRDA:46,5,0,1
BRDA:46,5,1,1
BRDA:46,5,2,1
BRDA:72,6,0,0
BRDA:72,6,1,1
BRDA:74,7,0,0
BRDA:74,7,1,0
BRDA:149,8,0,0
BRDA:149,8,1,0
BRDA:153,9,0,0
BRDA:153,9,1,0
BRDA:161,10,0,1
BRDA:162,11,0,0
BRDA:162,11,1,1
BRDA:173,12,0,0
BRDA:173,12,1,1
BRDA:173,13,0,1
BRDA:173,13,1,0
BRDA:178,14,0,1
BRDA:178,14,1,0
BRDA:178,15,0,1
BRDA:178,15,1,0
BRDA:179,16,0,1
BRDA:179,16,1,0
BRDA:180,17,0,0
BRDA:180,17,1,0
BRDA:180,18,0,0
BRDA:180,18,1,0
BRDA:181,19,0,0
BRDA:181,19,1,0
BRDA:190,20,0,0
BRDA:190,20,1,1
BRDA:227,21,0,1
BRDA:227,21,1,0
BRDA:227,22,0,1
BRDA:227,22,1,1
BRDA:233,23,0,4
BRDA:233,23,1,3
BRDA:233,23,2,2
BRF:49
BRH:24
end_of_record
TN:
SF:docs\funAutoMd\es6sourse\other.js
FN:6,toQueryString
FN:33,toQueryParams
FN:71,toQueryPair
FN:85,zhangHongDieLv
FN:99,getNearTime
FN:141,getDiffDate
FN:159,addTimeZero
FN:162,(anonymous_7)
FN:173,getMonthBeginEndDate
FNF:9
FNH:9
FNDA:2,toQueryString
FNDA:2,toQueryParams
FNDA:4,toQueryPair
FNDA:4,zhangHongDieLv
FNDA:1,getNearTime
FNDA:11,getDiffDate
FNDA:12,addTimeZero
FNDA:36,(anonymous_7)
FNDA:1,getMonthBeginEndDate
DA:7,2
DA:8,2
DA:9,3
DA:10,3
DA:11,3
DA:13,1
DA:14,1
DA:15,2
DA:16,2
DA:18,1
DA:21,2
DA:24,2
DA:34,2
DA:35,2
DA:36,0
DA:38,2
DA:39,2
DA:41,2
DA:42,2
DA:44,4
DA:45,4
DA:46,4
DA:47,4
DA:49,4
DA:50,4
DA:52,4
DA:53,1
DA:54,1
DA:56,1
DA:58,3
DA:62,2
DA:72,4
DA:73,0
DA:75,4
DA:86,4
DA:87,4
DA:88,2
DA:90,2
DA:100,1
DA:101,1
DA:102,1
DA:103,1
DA:105,1
DA:106,1
DA:107,1
DA:108,1
DA:109,1
DA:142,11
DA:143,11
DA:144,11
DA:145,11
DA:160,12
DA:161,12
DA:162,12
DA:163,36
DA:165,12
DA:174,1
DA:175,1
LF:58
LH:56
BRDA:11,0,0,1
BRDA:11,0,1,2
BRDA:11,1,0,3
BRDA:11,1,1,3
BRDA:35,2,0,0
BRDA:35,2,1,2
BRDA:45,3,0,4
BRDA:45,3,1,0
BRDA:47,4,0,0
BRDA:47,4,1,4
BRDA:49,5,0,4
BRDA:49,5,1,0
BRDA:52,6,0,1
BRDA:52,6,1,3
BRDA:53,7,0,1
BRDA:53,7,1,0
BRDA:72,8,0,0
BRDA:72,8,1,4
BRDA:75,9,0,0
BRDA:75,9,1,4
BRDA:87,10,0,2
BRDA:87,10,1,2
BRDA:87,11,0,4
BRDA:87,11,1,3
BRDA:90,12,0,1
BRDA:90,12,1,1
BRDA:100,13,0,0
BRDA:100,13,1,1
BRDA:102,14,0,1
BRDA:102,14,1,0
BRDA:142,15,0,7
BRDA:142,15,1,4
BRDA:160,16,0,12
BRDA:160,16,1,0
BRDA:163,17,0,13
BRDA:163,17,1,23
BRF:36
BRH:26
end_of_record
