TN:
SF:docs\funAutoMd\es6sourse\calculate.js
FN:7,accAdd
FN:43,accSub
FN:67,accMul
FN:86,accDiv
FNF:4
FNH:4
FNDA:7,accAdd
FNDA:7,accSub
FNDA:7,accMul
FNDA:8,accDiv
DA:9,7
DA:10,7
DA:12,4
DA:14,7
DA:15,7
DA:17,3
DA:19,7
DA:20,7
DA:21,7
DA:22,2
DA:23,2
DA:24,1
DA:25,1
DA:27,1
DA:28,1
DA:31,5
DA:32,5
DA:34,7
DA:44,7
DA:45,7
DA:48,7
DA:49,7
DA:51,7
DA:52,7
DA:55,7
DA:56,7
DA:57,7
DA:68,7
DA:69,7
DA:70,7
DA:71,7
DA:72,7
DA:74,7
DA:75,7
DA:77,7
DA:87,8
DA:88,8
DA:91,8
DA:92,8
DA:94,8
DA:95,8
DA:98,8
DA:99,8
DA:100,8
LF:44
LH:44
BRDA:21,0,0,2
BRDA:21,0,1,5
BRDA:23,1,0,1
BRDA:23,1,1,1
BRF:4
BRH:4
end_of_record
TN:
SF:docs\funAutoMd\es6sourse\common.js
FN:7,formateDateToString
FN:23,formateStringToDate
FN:33,dateCount
FN:58,accAdd
FN:94,accMul
FN:113,accDiv
FN:136,thousandFormat
FN:147,isTradeDate
FN:161,abbreviation
FN:172,compare
FN:175,(anonymous_10)
FN:189,getIosVersion
FN:200,isIOS
FN:210,getDiffDays
FN:225,getLastTradingDay
FNF:15
FNH:14
FNDA:7,formateDateToString
FNDA:2,formateStringToDate
FNDA:1,dateCount
FNDA:1,accAdd
FNDA:1,accMul
FNDA:1,accDiv
FNDA:10,thousandFormat
FNDA:0,isTradeDate
FNDA:1,abbreviation
FNDA:1,compare
FNDA:1,(anonymous_10)
FNDA:1,getIosVersion
FNDA:2,isIOS
FNDA:1,getDiffDays
FNDA:1,getLastTradingDay
DA:8,7
DA:9,6
DA:11,7
DA:12,7
DA:13,7
DA:14,7
DA:15,7
DA:16,7
DA:24,2
DA:25,2
DA:34,1
DA:36,1
DA:37,0
DA:39,1
DA:41,1
DA:42,1
DA:43,1
DA:44,1
DA:45,1
DA:46,1
DA:47,0
DA:49,1
DA:60,1
DA:61,1
DA:63,0
DA:65,1
DA:66,1
DA:68,0
DA:70,1
DA:71,1
DA:72,1
DA:73,0
DA:74,0
DA:75,0
DA:76,0
DA:78,0
DA:79,0
DA:82,1
DA:83,1
DA:85,1
DA:95,1
DA:96,1
DA:97,1
DA:98,1
DA:99,1
DA:101,1
DA:102,1
DA:104,1
DA:114,1
DA:115,1
DA:118,1
DA:119,1
DA:121,1
DA:122,1
DA:125,1
DA:126,1
DA:127,1
DA:137,10
DA:148,0
DA:149,0
DA:150,0
DA:152,0
DA:153,0
DA:162,1
DA:163,0
DA:165,1
DA:173,1
DA:175,1
DA:176,1
DA:177,1
DA:178,1
DA:179,1
DA:180,0
DA:181,0
DA:183,0
DA:190,1
DA:191,0
DA:192,0
DA:193,0
DA:195,1
DA:201,2
DA:202,2
DA:211,1
DA:212,1
DA:214,1
DA:215,1
DA:217,1
DA:226,1
DA:227,1
DA:228,1
DA:230,1
DA:231,1
DA:233,1
DA:234,3
DA:235,3
DA:238,1
LF:96
LH:74
BRDA:8,0,0,6
BRDA:8,0,1,1
BRDA:13,1,0,7
BRDA:13,1,1,0
BRDA:15,2,0,7
BRDA:15,2,1,0
BRDA:36,3,0,0
BRDA:36,3,1,1
BRDA:46,4,0,0
BRDA:46,4,1,1
BRDA:46,5,0,1
BRDA:46,5,1,1
BRDA:46,5,2,1
BRDA:72,6,0,0
BRDA:72,6,1,1
BRDA:74,7,0,0
BRDA:74,7,1,0
BRDA:149,8,0,0
BRDA:149,8,1,0
BRDA:153,9,0,0
BRDA:153,9,1,0
BRDA:161,10,0,1
BRDA:162,11,0,0
BRDA:162,11,1,1
BRDA:173,12,0,0
BRDA:173,12,1,1
BRDA:173,13,0,1
BRDA:173,13,1,0
BRDA:178,14,0,1
BRDA:178,14,1,0
BRDA:178,15,0,1
BRDA:178,15,1,0
BRDA:179,16,0,1
BRDA:179,16,1,0
BRDA:180,17,0,0
BRDA:180,17,1,0
BRDA:180,18,0,0
BRDA:180,18,1,0
BRDA:181,19,0,0
BRDA:181,19,1,0
BRDA:190,20,0,0
BRDA:190,20,1,1
BRDA:227,21,0,1
BRDA:227,21,1,0
BRDA:227,22,0,1
BRDA:227,22,1,1
BRDA:233,23,0,4
BRDA:233,23,1,3
BRDA:233,23,2,2
BRF:49
BRH:24
end_of_record
TN:
SF:docs\funAutoMd\es6sourse\date.js
FN:7,formateDateToString
FN:25,formateStringToDate
FN:52,getNearTime
FN:92,getDiffDays
FN:108,getDiffDate
FN:125,addTimeZero
FN:128,(anonymous_6)
FN:139,dateCount
FN:163,getMonthBeginEndDate
FNF:9
FNH:8
FNDA:18,formateDateToString
FNDA:11,formateStringToDate
FNDA:7,getNearTime
FNDA:0,getDiffDays
FNDA:66,getDiffDate
FNDA:75,addTimeZero
FNDA:223,(anonymous_6)
FNDA:7,dateCount
FNDA:4,getMonthBeginEndDate
DA:8,18
DA:9,7
DA:11,18
DA:12,18
DA:13,18
DA:14,18
DA:15,18
DA:16,18
DA:17,18
DA:26,11
DA:27,11
DA:53,7
DA:54,7
DA:55,7
DA:56,1
DA:58,7
DA:59,7
DA:60,7
DA:61,7
DA:62,7
DA:93,0
DA:94,0
DA:96,0
DA:97,0
DA:99,0
DA:109,66
DA:110,66
DA:111,66
DA:112,66
DA:126,75
DA:127,75
DA:128,75
DA:129,223
DA:131,75
DA:140,7
DA:142,7
DA:143,1
DA:145,6
DA:147,7
DA:148,7
DA:149,7
DA:150,7
DA:151,7
DA:152,7
DA:153,2
DA:155,5
DA:164,4
DA:165,4
LF:48
LH:43
BRDA:8,0,0,7
BRDA:8,0,1,11
BRDA:13,1,0,2
BRDA:13,1,1,16
BRDA:15,2,0,16
BRDA:15,2,1,2
BRDA:53,3,0,1
BRDA:53,3,1,6
BRDA:55,4,0,1
BRDA:55,4,1,6
BRDA:109,5,0,53
BRDA:109,5,1,13
BRDA:126,6,0,71
BRDA:126,6,1,4
BRDA:129,7,0,92
BRDA:129,7,1,131
BRDA:142,8,0,1
BRDA:142,8,1,6
BRDA:152,9,0,2
BRDA:152,9,1,5
BRDA:152,10,0,7
BRDA:152,10,1,5
BRDA:152,10,2,5
BRF:23
BRH:23
end_of_record
TN:
SF:docs\funAutoMd\es6sourse\numbers.js
FN:6,thousandFormat
FNF:1
FNH:1
FNDA:9,thousandFormat
DA:7,9
DA:8,9
LF:2
LH:2
BRF:0
BRH:0
end_of_record
TN:
SF:docs\funAutoMd\es6sourse\optimization.js
FN:7,throttle
FN:11,(anonymous_1)
FN:17,(anonymous_2)
FN:34,debounce
FN:37,(anonymous_4)
FN:43,(anonymous_5)
FNF:6
FNH:6
FNDA:6,throttle
FNDA:10,(anonymous_1)
FNDA:3,(anonymous_2)
FNDA:5,debounce
FNDA:7,(anonymous_4)
FNDA:5,(anonymous_5)
DA:10,6
DA:11,6
DA:12,10
DA:13,10
DA:14,10
DA:15,10
DA:16,3
DA:17,3
DA:18,3
DA:19,3
DA:22,7
DA:23,7
DA:35,5
DA:37,5
DA:38,7
DA:39,7
DA:40,7
DA:41,2
DA:43,7
DA:44,5
DA:45,5
LF:21
LH:21
BRDA:10,0,0,6
BRDA:10,0,1,1
BRDA:15,1,0,3
BRDA:15,1,1,7
BRDA:15,2,0,10
BRDA:15,2,1,4
BRDA:35,3,0,5
BRDA:35,3,1,1
BRDA:40,4,0,2
BRDA:40,4,1,5
BRF:10
BRH:10
end_of_record
TN:
SF:docs\funAutoMd\es6sourse\other.js
FN:6,toQueryString
FN:33,toQueryParams
FN:71,toQueryPair
FN:85,zhangHongDieLv
FN:99,getNearTime
FN:141,getDiffDate
FN:159,addTimeZero
FN:162,(anonymous_7)
FN:173,getMonthBeginEndDate
FNF:9
FNH:9
FNDA:2,toQueryString
FNDA:2,toQueryParams
FNDA:4,toQueryPair
FNDA:4,zhangHongDieLv
FNDA:1,getNearTime
FNDA:11,getDiffDate
FNDA:12,addTimeZero
FNDA:36,(anonymous_7)
FNDA:1,getMonthBeginEndDate
DA:7,2
DA:8,2
DA:9,3
DA:10,3
DA:11,3
DA:13,1
DA:14,1
DA:15,2
DA:16,2
DA:18,1
DA:21,2
DA:24,2
DA:34,2
DA:35,2
DA:36,0
DA:38,2
DA:39,2
DA:41,2
DA:42,2
DA:44,4
DA:45,4
DA:46,4
DA:47,4
DA:49,4
DA:50,4
DA:52,4
DA:53,1
DA:54,1
DA:56,1
DA:58,3
DA:62,2
DA:72,4
DA:73,0
DA:75,4
DA:86,4
DA:87,4
DA:88,2
DA:90,2
DA:100,1
DA:101,1
DA:102,1
DA:103,1
DA:105,1
DA:106,1
DA:107,1
DA:108,1
DA:109,1
DA:142,11
DA:143,11
DA:144,11
DA:145,11
DA:160,12
DA:161,12
DA:162,12
DA:163,36
DA:165,12
DA:174,1
DA:175,1
LF:58
LH:56
BRDA:11,0,0,1
BRDA:11,0,1,2
BRDA:11,1,0,3
BRDA:11,1,1,3
BRDA:35,2,0,0
BRDA:35,2,1,2
BRDA:45,3,0,4
BRDA:45,3,1,0
BRDA:47,4,0,0
BRDA:47,4,1,4
BRDA:49,5,0,4
BRDA:49,5,1,0
BRDA:52,6,0,1
BRDA:52,6,1,3
BRDA:53,7,0,1
BRDA:53,7,1,0
BRDA:72,8,0,0
BRDA:72,8,1,4
BRDA:75,9,0,0
BRDA:75,9,1,4
BRDA:87,10,0,2
BRDA:87,10,1,2
BRDA:87,11,0,4
BRDA:87,11,1,3
BRDA:90,12,0,1
BRDA:90,12,1,1
BRDA:100,13,0,0
BRDA:100,13,1,1
BRDA:102,14,0,1
BRDA:102,14,1,0
BRDA:142,15,0,7
BRDA:142,15,1,4
BRDA:160,16,0,12
BRDA:160,16,1,0
BRDA:163,17,0,13
BRDA:163,17,1,23
BRF:36
BRH:26
end_of_record
TN:
SF:docs\funAutoMd\es6sourse\stringFun.js
FN:6,abbreviation
FNF:1
FNH:1
FNDA:13,abbreviation
DA:7,13
DA:9,13
DA:10,6
DA:12,7
LF:4
LH:4
BRDA:7,0,0,4
BRDA:7,0,1,9
BRDA:7,1,0,13
BRDA:7,1,1,4
BRDA:9,2,0,6
BRDA:9,2,1,7
BRF:6
BRH:6
end_of_record
TN:
SF:docs\funAutoMd\es6sourse\trade.js
FN:6,checkIsA5
FN:21,isTradeDate
FN:36,getLastTradingDay
FNF:3
FNH:3
FNDA:4,checkIsA5
FNDA:4,isTradeDate
FNDA:4,getLastTradingDay
DA:1,1
DA:7,4
DA:8,1
DA:11,3
DA:22,4
DA:23,4
DA:24,0
DA:26,4
DA:27,4
DA:37,4
DA:38,4
DA:39,1
DA:41,4
DA:42,4
DA:44,4
DA:45,2
DA:46,2
DA:49,4
LF:18
LH:17
BRDA:7,0,0,1
BRDA:7,0,1,3
BRDA:7,1,0,4
BRDA:7,1,1,3
BRDA:7,1,2,2
BRDA:23,2,0,0
BRDA:23,2,1,4
BRDA:27,3,0,4
BRDA:27,3,1,3
BRDA:38,4,0,1
BRDA:38,4,1,3
BRDA:38,5,0,4
BRDA:38,5,1,4
BRDA:44,6,0,6
BRDA:44,6,1,6
BRDA:44,6,2,5
BRF:16
BRH:15
end_of_record
TN:
SF:docs\funAutoMd\es6sourse\urlFun.js
FN:6,getParameter
FN:17,toQueryParams
FN:54,toQueryString
FN:81,toQueryPair
FNF:4
FNH:4
FNDA:10,getParameter
FNDA:12,toQueryParams
FNDA:6,toQueryString
FNDA:19,toQueryPair
DA:7,10
DA:8,10
DA:9,10
DA:10,1
DA:18,12
DA:19,12
DA:20,0
DA:22,12
DA:23,12
DA:25,12
DA:26,12
DA:28,21
DA:29,21
DA:30,19
DA:31,19
DA:33,19
DA:34,19
DA:36,19
DA:37,2
DA:38,2
DA:40,2
DA:42,17
DA:46,12
DA:55,6
DA:56,6
DA:57,9
DA:58,9
DA:59,9
DA:61,2
DA:62,2
DA:63,4
DA:64,4
DA:66,2
DA:69,7
DA:72,6
DA:82,19
DA:83,1
DA:85,18
LF:38
LH:37
BRDA:9,0,0,9
BRDA:9,0,1,1
BRDA:19,1,0,0
BRDA:19,1,1,12
BRDA:29,2,0,19
BRDA:29,2,1,2
BRDA:31,3,0,1
BRDA:31,3,1,18
BRDA:33,4,0,19
BRDA:33,4,1,0
BRDA:36,5,0,2
BRDA:36,5,1,17
BRDA:37,6,0,2
BRDA:37,6,1,0
BRDA:59,7,0,2
BRDA:59,7,1,7
BRDA:59,8,0,9
BRDA:59,8,1,9
BRDA:82,9,0,1
BRDA:82,9,1,18
BRDA:85,10,0,1
BRDA:85,10,1,17
BRF:22
BRH:19
end_of_record
TN:
SF:docs\funAutoMd\es6sourse\userEnv.js
FN:4,isIOS
FN:12,getIosVersion
FNF:2
FNH:2
FNDA:11,isIOS
FNDA:7,getIosVersion
DA:5,11
DA:6,11
DA:13,7
DA:14,5
DA:15,5
DA:16,5
DA:18,2
LF:7
LH:7
BRDA:13,0,0,5
BRDA:13,0,1,2
BRF:2
BRH:2
end_of_record
